<?xml version="1.0" encoding="UTF-8"?>
<!-- Generated by org.testng.reporters.JUnitReportReporter -->
<testsuite hostname="DESKTOP-TU5HT4T" failures="1" tests="8" name="org.Example.A" time="0.027" errors="0" timestamp="05 Aug 2023 13:05:16 GMT" skipped="3">
  <testcase classname="org.Example.A" name="Tc01" time="0.001">
    <failure message="The following asserts failed:
	Enter Correct name expected [Kasyal] but found [Logesh]" type="java.lang.AssertionError">
      <![CDATA[java.lang.AssertionError: The following asserts failed:
Enter Correct name expected [Kasyal] but found [Logesh]
at org.testng.asserts.SoftAssert.assertAll(SoftAssert.java:43)
at org.Example.A.Tc01(A.java:19)
at java.base/jdk.internal.reflect.DirectMethodHandleAccessor.invoke(DirectMethodHandleAccessor.java:104)
at java.base/java.lang.reflect.Method.invoke(Method.java:578)
at org.testng.internal.MethodInvocationHelper.invokeMethod(MethodInvocationHelper.java:124)
at org.testng.internal.Invoker.invokeMethod(Invoker.java:583)
at org.testng.internal.Invoker.retryFailed(Invoker.java:839)
at org.testng.internal.Invoker.invokeTestMethods(Invoker.java:1010)
at org.testng.internal.TestMethodWorker.invokeTestMethods(TestMethodWorker.java:125)
at org.testng.internal.TestMethodWorker.run(TestMethodWorker.java:109)
at java.base/java.util.concurrent.ThreadPoolExecutor.runWorker(ThreadPoolExecutor.java:1144)
at java.base/java.util.concurrent.ThreadPoolExecutor$Worker.run(ThreadPoolExecutor.java:642)
at java.base/java.lang.Thread.run(Thread.java:1589)
]]>
    </failure>
  </testcase> <!-- Tc01 -->
  <testcase classname="org.Example.A" name="Tc02" time="0.000"/>
  <testcase classname="org.Example.A" name="Tc02" time="0.004"/>
  <testcase classname="org.Example.A" name="Tc03" time="0.001"/>
  <testcase classname="org.Example.A" name="Tc02" time="0.001"/>
  <testcase classname="org.Example.A" name="Tc01" time="0.018">
    <skipped/>
  </testcase> <!-- Tc01 -->
  <testcase classname="org.Example.A" name="Tc01" time="0.001">
    <skipped/>
  </testcase> <!-- Tc01 -->
  <testcase classname="org.Example.A" name="Tc01" time="0.001">
    <skipped/>
  </testcase> <!-- Tc01 -->
</testsuite> <!-- org.Example.A -->
